Started GET "/" for 127.0.0.1 at 2017-08-01 03:46:40 -0500
Processing by Rails::WelcomeController#index as HTML
  Rendering /Users/kata_macos/.rbenv/versions/2.4.1/lib/ruby/gems/2.4.0/gems/railties-5.1.2/lib/rails/templates/rails/welcome/index.html.erb
  Rendered /Users/kata_macos/.rbenv/versions/2.4.1/lib/ruby/gems/2.4.0/gems/railties-5.1.2/lib/rails/templates/rails/welcome/index.html.erb (3.7ms)
Completed 200 OK in 252ms (Views: 10.1ms)


Started GET "/css/style.css" for 127.0.0.1 at 2017-08-02 01:13:19 -0500
  
ActionController::RoutingError (No route matches [GET] "/css/style.css"):
  
actionpack (5.1.2) lib/action_dispatch/middleware/debug_exceptions.rb:63:in `call'
web-console (3.5.1) lib/web_console/middleware.rb:135:in `call_app'
web-console (3.5.1) lib/web_console/middleware.rb:28:in `block in call'
web-console (3.5.1) lib/web_console/middleware.rb:18:in `catch'
web-console (3.5.1) lib/web_console/middleware.rb:18:in `call'
actionpack (5.1.2) lib/action_dispatch/middleware/show_exceptions.rb:31:in `call'
railties (5.1.2) lib/rails/rack/logger.rb:36:in `call_app'
railties (5.1.2) lib/rails/rack/logger.rb:24:in `block in call'
activesupport (5.1.2) lib/active_support/tagged_logging.rb:69:in `block in tagged'
activesupport (5.1.2) lib/active_support/tagged_logging.rb:26:in `tagged'
activesupport (5.1.2) lib/active_support/tagged_logging.rb:69:in `tagged'
railties (5.1.2) lib/rails/rack/logger.rb:24:in `call'
sprockets-rails (3.2.0) lib/sprockets/rails/quiet_assets.rb:13:in `call'
actionpack (5.1.2) lib/action_dispatch/middleware/remote_ip.rb:79:in `call'
actionpack (5.1.2) lib/action_dispatch/middleware/request_id.rb:25:in `call'
rack (2.0.3) lib/rack/method_override.rb:22:in `call'
rack (2.0.3) lib/rack/runtime.rb:22:in `call'
activesupport (5.1.2) lib/active_support/cache/strategy/local_cache_middleware.rb:27:in `call'
actionpack (5.1.2) lib/action_dispatch/middleware/executor.rb:12:in `call'
actionpack (5.1.2) lib/action_dispatch/middleware/static.rb:125:in `call'
rack (2.0.3) lib/rack/sendfile.rb:111:in `call'
railties (5.1.2) lib/rails/engine.rb:522:in `call'
puma (3.9.1) lib/puma/configuration.rb:224:in `call'
puma (3.9.1) lib/puma/server.rb:602:in `handle_request'
puma (3.9.1) lib/puma/server.rb:435:in `process_client'
puma (3.9.1) lib/puma/server.rb:299:in `block in run'
puma (3.9.1) lib/puma/thread_pool.rb:120:in `block in spawn_thread'
Started GET "/css/style.css" for 127.0.0.1 at 2017-08-02 01:15:42 -0500
  
ActionController::RoutingError (No route matches [GET] "/css/style.css"):
  
actionpack (5.1.2) lib/action_dispatch/middleware/debug_exceptions.rb:63:in `call'
web-console (3.5.1) lib/web_console/middleware.rb:135:in `call_app'
web-console (3.5.1) lib/web_console/middleware.rb:28:in `block in call'
web-console (3.5.1) lib/web_console/middleware.rb:18:in `catch'
web-console (3.5.1) lib/web_console/middleware.rb:18:in `call'
actionpack (5.1.2) lib/action_dispatch/middleware/show_exceptions.rb:31:in `call'
railties (5.1.2) lib/rails/rack/logger.rb:36:in `call_app'
railties (5.1.2) lib/rails/rack/logger.rb:24:in `block in call'
activesupport (5.1.2) lib/active_support/tagged_logging.rb:69:in `block in tagged'
activesupport (5.1.2) lib/active_support/tagged_logging.rb:26:in `tagged'
activesupport (5.1.2) lib/active_support/tagged_logging.rb:69:in `tagged'
railties (5.1.2) lib/rails/rack/logger.rb:24:in `call'
sprockets-rails (3.2.0) lib/sprockets/rails/quiet_assets.rb:13:in `call'
actionpack (5.1.2) lib/action_dispatch/middleware/remote_ip.rb:79:in `call'
actionpack (5.1.2) lib/action_dispatch/middleware/request_id.rb:25:in `call'
rack (2.0.3) lib/rack/method_override.rb:22:in `call'
rack (2.0.3) lib/rack/runtime.rb:22:in `call'
activesupport (5.1.2) lib/active_support/cache/strategy/local_cache_middleware.rb:27:in `call'
actionpack (5.1.2) lib/action_dispatch/middleware/executor.rb:12:in `call'
actionpack (5.1.2) lib/action_dispatch/middleware/static.rb:125:in `call'
rack (2.0.3) lib/rack/sendfile.rb:111:in `call'
railties (5.1.2) lib/rails/engine.rb:522:in `call'
puma (3.9.1) lib/puma/configuration.rb:224:in `call'
puma (3.9.1) lib/puma/server.rb:602:in `handle_request'
puma (3.9.1) lib/puma/server.rb:435:in `process_client'
puma (3.9.1) lib/puma/server.rb:299:in `block in run'
puma (3.9.1) lib/puma/thread_pool.rb:120:in `block in spawn_thread'
Started GET "/css/style.css" for 127.0.0.1 at 2017-08-02 01:15:43 -0500
  
ActionController::RoutingError (No route matches [GET] "/css/style.css"):
  
actionpack (5.1.2) lib/action_dispatch/middleware/debug_exceptions.rb:63:in `call'
web-console (3.5.1) lib/web_console/middleware.rb:135:in `call_app'
web-console (3.5.1) lib/web_console/middleware.rb:28:in `block in call'
web-console (3.5.1) lib/web_console/middleware.rb:18:in `catch'
web-console (3.5.1) lib/web_console/middleware.rb:18:in `call'
actionpack (5.1.2) lib/action_dispatch/middleware/show_exceptions.rb:31:in `call'
railties (5.1.2) lib/rails/rack/logger.rb:36:in `call_app'
railties (5.1.2) lib/rails/rack/logger.rb:24:in `block in call'
activesupport (5.1.2) lib/active_support/tagged_logging.rb:69:in `block in tagged'
activesupport (5.1.2) lib/active_support/tagged_logging.rb:26:in `tagged'
activesupport (5.1.2) lib/active_support/tagged_logging.rb:69:in `tagged'
railties (5.1.2) lib/rails/rack/logger.rb:24:in `call'
sprockets-rails (3.2.0) lib/sprockets/rails/quiet_assets.rb:13:in `call'
actionpack (5.1.2) lib/action_dispatch/middleware/remote_ip.rb:79:in `call'
actionpack (5.1.2) lib/action_dispatch/middleware/request_id.rb:25:in `call'
rack (2.0.3) lib/rack/method_override.rb:22:in `call'
rack (2.0.3) lib/rack/runtime.rb:22:in `call'
activesupport (5.1.2) lib/active_support/cache/strategy/local_cache_middleware.rb:27:in `call'
actionpack (5.1.2) lib/action_dispatch/middleware/executor.rb:12:in `call'
actionpack (5.1.2) lib/action_dispatch/middleware/static.rb:125:in `call'
rack (2.0.3) lib/rack/sendfile.rb:111:in `call'
railties (5.1.2) lib/rails/engine.rb:522:in `call'
puma (3.9.1) lib/puma/configuration.rb:224:in `call'
puma (3.9.1) lib/puma/server.rb:602:in `handle_request'
puma (3.9.1) lib/puma/server.rb:435:in `process_client'
puma (3.9.1) lib/puma/server.rb:299:in `block in run'
puma (3.9.1) lib/puma/thread_pool.rb:120:in `block in spawn_thread'
Started GET "/css/style.css" for 127.0.0.1 at 2017-08-02 01:21:07 -0500
  
ActionController::RoutingError (No route matches [GET] "/css/style.css"):
  
actionpack (5.1.2) lib/action_dispatch/middleware/debug_exceptions.rb:63:in `call'
web-console (3.5.1) lib/web_console/middleware.rb:135:in `call_app'
web-console (3.5.1) lib/web_console/middleware.rb:28:in `block in call'
web-console (3.5.1) lib/web_console/middleware.rb:18:in `catch'
web-console (3.5.1) lib/web_console/middleware.rb:18:in `call'
actionpack (5.1.2) lib/action_dispatch/middleware/show_exceptions.rb:31:in `call'
railties (5.1.2) lib/rails/rack/logger.rb:36:in `call_app'
railties (5.1.2) lib/rails/rack/logger.rb:24:in `block in call'
activesupport (5.1.2) lib/active_support/tagged_logging.rb:69:in `block in tagged'
activesupport (5.1.2) lib/active_support/tagged_logging.rb:26:in `tagged'
activesupport (5.1.2) lib/active_support/tagged_logging.rb:69:in `tagged'
railties (5.1.2) lib/rails/rack/logger.rb:24:in `call'
sprockets-rails (3.2.0) lib/sprockets/rails/quiet_assets.rb:13:in `call'
actionpack (5.1.2) lib/action_dispatch/middleware/remote_ip.rb:79:in `call'
actionpack (5.1.2) lib/action_dispatch/middleware/request_id.rb:25:in `call'
rack (2.0.3) lib/rack/method_override.rb:22:in `call'
rack (2.0.3) lib/rack/runtime.rb:22:in `call'
activesupport (5.1.2) lib/active_support/cache/strategy/local_cache_middleware.rb:27:in `call'
actionpack (5.1.2) lib/action_dispatch/middleware/executor.rb:12:in `call'
actionpack (5.1.2) lib/action_dispatch/middleware/static.rb:125:in `call'
rack (2.0.3) lib/rack/sendfile.rb:111:in `call'
railties (5.1.2) lib/rails/engine.rb:522:in `call'
puma (3.9.1) lib/puma/configuration.rb:224:in `call'
puma (3.9.1) lib/puma/server.rb:602:in `handle_request'
puma (3.9.1) lib/puma/server.rb:435:in `process_client'
puma (3.9.1) lib/puma/server.rb:299:in `block in run'
puma (3.9.1) lib/puma/thread_pool.rb:120:in `block in spawn_thread'
Started GET "/css/style.css" for 127.0.0.1 at 2017-08-02 01:21:27 -0500
  
ActionController::RoutingError (No route matches [GET] "/css/style.css"):
  
actionpack (5.1.2) lib/action_dispatch/middleware/debug_exceptions.rb:63:in `call'
web-console (3.5.1) lib/web_console/middleware.rb:135:in `call_app'
web-console (3.5.1) lib/web_console/middleware.rb:28:in `block in call'
web-console (3.5.1) lib/web_console/middleware.rb:18:in `catch'
web-console (3.5.1) lib/web_console/middleware.rb:18:in `call'
actionpack (5.1.2) lib/action_dispatch/middleware/show_exceptions.rb:31:in `call'
railties (5.1.2) lib/rails/rack/logger.rb:36:in `call_app'
railties (5.1.2) lib/rails/rack/logger.rb:24:in `block in call'
activesupport (5.1.2) lib/active_support/tagged_logging.rb:69:in `block in tagged'
activesupport (5.1.2) lib/active_support/tagged_logging.rb:26:in `tagged'
activesupport (5.1.2) lib/active_support/tagged_logging.rb:69:in `tagged'
railties (5.1.2) lib/rails/rack/logger.rb:24:in `call'
sprockets-rails (3.2.0) lib/sprockets/rails/quiet_assets.rb:13:in `call'
actionpack (5.1.2) lib/action_dispatch/middleware/remote_ip.rb:79:in `call'
actionpack (5.1.2) lib/action_dispatch/middleware/request_id.rb:25:in `call'
rack (2.0.3) lib/rack/method_override.rb:22:in `call'
rack (2.0.3) lib/rack/runtime.rb:22:in `call'
activesupport (5.1.2) lib/active_support/cache/strategy/local_cache_middleware.rb:27:in `call'
actionpack (5.1.2) lib/action_dispatch/middleware/executor.rb:12:in `call'
actionpack (5.1.2) lib/action_dispatch/middleware/static.rb:125:in `call'
rack (2.0.3) lib/rack/sendfile.rb:111:in `call'
railties (5.1.2) lib/rails/engine.rb:522:in `call'
puma (3.9.1) lib/puma/configuration.rb:224:in `call'
puma (3.9.1) lib/puma/server.rb:602:in `handle_request'
puma (3.9.1) lib/puma/server.rb:435:in `process_client'
puma (3.9.1) lib/puma/server.rb:299:in `block in run'
puma (3.9.1) lib/puma/thread_pool.rb:120:in `block in spawn_thread'
Started GET "/css/style.css" for 127.0.0.1 at 2017-08-02 01:21:42 -0500
  
ActionController::RoutingError (No route matches [GET] "/css/style.css"):
  
actionpack (5.1.2) lib/action_dispatch/middleware/debug_exceptions.rb:63:in `call'
web-console (3.5.1) lib/web_console/middleware.rb:135:in `call_app'
web-console (3.5.1) lib/web_console/middleware.rb:28:in `block in call'
web-console (3.5.1) lib/web_console/middleware.rb:18:in `catch'
web-console (3.5.1) lib/web_console/middleware.rb:18:in `call'
actionpack (5.1.2) lib/action_dispatch/middleware/show_exceptions.rb:31:in `call'
railties (5.1.2) lib/rails/rack/logger.rb:36:in `call_app'
railties (5.1.2) lib/rails/rack/logger.rb:24:in `block in call'
activesupport (5.1.2) lib/active_support/tagged_logging.rb:69:in `block in tagged'
activesupport (5.1.2) lib/active_support/tagged_logging.rb:26:in `tagged'
activesupport (5.1.2) lib/active_support/tagged_logging.rb:69:in `tagged'
railties (5.1.2) lib/rails/rack/logger.rb:24:in `call'
sprockets-rails (3.2.0) lib/sprockets/rails/quiet_assets.rb:13:in `call'
actionpack (5.1.2) lib/action_dispatch/middleware/remote_ip.rb:79:in `call'
actionpack (5.1.2) lib/action_dispatch/middleware/request_id.rb:25:in `call'
rack (2.0.3) lib/rack/method_override.rb:22:in `call'
rack (2.0.3) lib/rack/runtime.rb:22:in `call'
activesupport (5.1.2) lib/active_support/cache/strategy/local_cache_middleware.rb:27:in `call'
actionpack (5.1.2) lib/action_dispatch/middleware/executor.rb:12:in `call'
actionpack (5.1.2) lib/action_dispatch/middleware/static.rb:125:in `call'
rack (2.0.3) lib/rack/sendfile.rb:111:in `call'
railties (5.1.2) lib/rails/engine.rb:522:in `call'
puma (3.9.1) lib/puma/configuration.rb:224:in `call'
puma (3.9.1) lib/puma/server.rb:602:in `handle_request'
puma (3.9.1) lib/puma/server.rb:435:in `process_client'
puma (3.9.1) lib/puma/server.rb:299:in `block in run'
puma (3.9.1) lib/puma/thread_pool.rb:120:in `block in spawn_thread'
Started GET "/" for 127.0.0.1 at 2017-08-02 02:30:37 -0500
Processing by Rails::WelcomeController#index as HTML
  Rendering /Users/kata_macos/.rbenv/versions/2.4.1/lib/ruby/gems/2.4.0/gems/railties-5.1.2/lib/rails/templates/rails/welcome/index.html.erb
  Rendered /Users/kata_macos/.rbenv/versions/2.4.1/lib/ruby/gems/2.4.0/gems/railties-5.1.2/lib/rails/templates/rails/welcome/index.html.erb (4.2ms)
Completed 200 OK in 250ms (Views: 10.6ms)


Started GET "/" for 127.0.0.1 at 2017-08-02 02:50:12 -0500
Processing by Rails::WelcomeController#index as HTML
  Rendering /Users/kata_macos/.rbenv/versions/2.4.1/lib/ruby/gems/2.4.0/gems/railties-5.1.2/lib/rails/templates/rails/welcome/index.html.erb
  Rendered /Users/kata_macos/.rbenv/versions/2.4.1/lib/ruby/gems/2.4.0/gems/railties-5.1.2/lib/rails/templates/rails/welcome/index.html.erb (3.8ms)
Completed 200 OK in 260ms (Views: 10.1ms)


Started GET "/home" for 127.0.0.1 at 2017-08-02 02:50:18 -0500
  
ActionController::RoutingError (No route matches [GET] "/home"):
  
actionpack (5.1.2) lib/action_dispatch/middleware/debug_exceptions.rb:63:in `call'
web-console (3.5.1) lib/web_console/middleware.rb:135:in `call_app'
web-console (3.5.1) lib/web_console/middleware.rb:28:in `block in call'
web-console (3.5.1) lib/web_console/middleware.rb:18:in `catch'
web-console (3.5.1) lib/web_console/middleware.rb:18:in `call'
actionpack (5.1.2) lib/action_dispatch/middleware/show_exceptions.rb:31:in `call'
railties (5.1.2) lib/rails/rack/logger.rb:36:in `call_app'
railties (5.1.2) lib/rails/rack/logger.rb:24:in `block in call'
activesupport (5.1.2) lib/active_support/tagged_logging.rb:69:in `block in tagged'
activesupport (5.1.2) lib/active_support/tagged_logging.rb:26:in `tagged'
activesupport (5.1.2) lib/active_support/tagged_logging.rb:69:in `tagged'
railties (5.1.2) lib/rails/rack/logger.rb:24:in `call'
sprockets-rails (3.2.0) lib/sprockets/rails/quiet_assets.rb:13:in `call'
actionpack (5.1.2) lib/action_dispatch/middleware/remote_ip.rb:79:in `call'
actionpack (5.1.2) lib/action_dispatch/middleware/request_id.rb:25:in `call'
rack (2.0.3) lib/rack/method_override.rb:22:in `call'
rack (2.0.3) lib/rack/runtime.rb:22:in `call'
activesupport (5.1.2) lib/active_support/cache/strategy/local_cache_middleware.rb:27:in `call'
actionpack (5.1.2) lib/action_dispatch/middleware/executor.rb:12:in `call'
actionpack (5.1.2) lib/action_dispatch/middleware/static.rb:125:in `call'
rack (2.0.3) lib/rack/sendfile.rb:111:in `call'
railties (5.1.2) lib/rails/engine.rb:522:in `call'
puma (3.9.1) lib/puma/configuration.rb:224:in `call'
puma (3.9.1) lib/puma/server.rb:602:in `handle_request'
puma (3.9.1) lib/puma/server.rb:435:in `process_client'
puma (3.9.1) lib/puma/server.rb:299:in `block in run'
puma (3.9.1) lib/puma/thread_pool.rb:120:in `block in spawn_thread'
Started GET "/" for 127.0.0.1 at 2017-08-02 02:52:12 -0500
  
ActionController::RoutingError (uninitialized constant AplicationController):
  
app/controllers/pages_controller.rb:1:in `<top (required)>'
Started GET "/" for 127.0.0.1 at 2017-08-02 02:53:49 -0500
Processing by PagesController#home as HTML
  Rendering pages/home.html.erb within layouts/application
  Rendered pages/home.html.erb within layouts/application (0.5ms)
Completed 200 OK in 644ms (Views: 641.7ms)


Started GET "/" for 127.0.0.1 at 2017-08-05 01:31:52 -0500
Processing by PagesController#home as HTML
  Rendering pages/home.html.erb within layouts/application
  Rendered pages/home.html.erb within layouts/application (2.2ms)
Completed 200 OK in 415ms (Views: 178.4ms)


Started GET "/" for 127.0.0.1 at 2017-08-05 01:47:29 -0500
Processing by PagesController#home as HTML
  Rendering pages/home.html.erb within layouts/application
  Rendered pages/home.html.erb within layouts/application (2.3ms)
Completed 200 OK in 61ms (Views: 46.8ms)


Started GET "/about" for 127.0.0.1 at 2017-08-05 02:06:18 -0500
Processing by PagesController#about as HTML
  Rendering pages/about.html.erb within layouts/application
  Rendered pages/about.html.erb within layouts/application (1.2ms)
Completed 200 OK in 42ms (Views: 36.7ms)


Started GET "/about" for 127.0.0.1 at 2017-08-05 02:06:49 -0500
Processing by PagesController#about as HTML
  Rendering pages/about.html.erb within layouts/application
  Rendered pages/about.html.erb within layouts/application (0.4ms)
Completed 200 OK in 32ms (Views: 30.0ms)


Started GET "/about" for 127.0.0.1 at 2017-08-05 02:12:07 -0500
Processing by PagesController#about as HTML
  Rendering pages/about.html.erb within layouts/application
  Rendered pages/about.html.erb within layouts/application (2.0ms)
Completed 200 OK in 55ms (Views: 43.4ms)


Started GET "/about" for 127.0.0.1 at 2017-08-05 03:02:43 -0500
Processing by PagesController#about as HTML
  Rendering pages/about.html.erb within layouts/application
  Rendered pages/about.html.erb within layouts/application (1.9ms)
Completed 500 Internal Server Error in 83ms


  
ActionView::Template::Error (File to import not found or unreadable: bootstrap-sprackets.
Load paths:
  /Volumes/Backup_MacOS/Git/Github/udm-rd-bc/ruby-single-saas/app/assets/config
  /Volumes/Backup_MacOS/Git/Github/udm-rd-bc/ruby-single-saas/app/assets/images
  /Volumes/Backup_MacOS/Git/Github/udm-rd-bc/ruby-single-saas/app/assets/javascripts
  /Volumes/Backup_MacOS/Git/Github/udm-rd-bc/ruby-single-saas/app/assets/stylesheets
  /Users/kata_macos/.rbenv/versions/2.4.1/lib/ruby/gems/2.4.0/gems/coffee-rails-4.2.2/lib/assets/javascripts
  /Users/kata_macos/.rbenv/versions/2.4.1/lib/ruby/gems/2.4.0/gems/jquery-rails-4.3.1/vendor/assets/javascripts
  /Users/kata_macos/.rbenv/versions/2.4.1/lib/ruby/gems/2.4.0/gems/actioncable-5.1.2/lib/assets/compiled
  /Users/kata_macos/.rbenv/versions/2.4.1/lib/ruby/gems/2.4.0/gems/actionview-5.1.2/lib/assets/compiled
  /Users/kata_macos/.rbenv/versions/2.4.1/lib/ruby/gems/2.4.0/gems/turbolinks-source-5.0.3/lib/assets/javascripts
  /Volumes/Backup_MacOS/Git/Github/udm-rd-bc/ruby-single-saas/node_modules):
    4:     <title>SingleSaas</title>
    5:     <%= csrf_meta_tags %>
    6:     <link href="//fonts.googleapis.com/css?family=Open+Sans:400,700,800" rel="stylesheet"> 
    7:     <%= stylesheet_link_tag    'application', media: 'all', 'data-turbolinks-track': 'reload' %>
    8:     <%= javascript_include_tag 'application', 'data-turbolinks-track': 'reload' %>
    9:   </head>
   10: 
  
app/assets/stylesheets/application.css.scss:18
app/views/layouts/application.html.erb:7:in `_app_views_layouts_application_html_erb__989401135923295933_70175589878560'
Started GET "/about" for 127.0.0.1 at 2017-08-05 03:03:17 -0500
Processing by PagesController#about as HTML
  Rendering pages/about.html.erb within layouts/application
  Rendered pages/about.html.erb within layouts/application (1.2ms)
Completed 500 Internal Server Error in 439ms


  
ActionView::Template::Error (File to import not found or unreadable: bootstrap-sprackets.
Load paths:
  /Volumes/Backup_MacOS/Git/Github/udm-rd-bc/ruby-single-saas/app/assets/config
  /Volumes/Backup_MacOS/Git/Github/udm-rd-bc/ruby-single-saas/app/assets/images
  /Volumes/Backup_MacOS/Git/Github/udm-rd-bc/ruby-single-saas/app/assets/javascripts
  /Volumes/Backup_MacOS/Git/Github/udm-rd-bc/ruby-single-saas/app/assets/stylesheets
  /Users/kata_macos/.rbenv/versions/2.4.1/lib/ruby/gems/2.4.0/gems/coffee-rails-4.2.2/lib/assets/javascripts
  /Users/kata_macos/.rbenv/versions/2.4.1/lib/ruby/gems/2.4.0/gems/jquery-rails-4.3.1/vendor/assets/javascripts
  /Users/kata_macos/.rbenv/versions/2.4.1/lib/ruby/gems/2.4.0/gems/actioncable-5.1.2/lib/assets/compiled
  /Users/kata_macos/.rbenv/versions/2.4.1/lib/ruby/gems/2.4.0/gems/actionview-5.1.2/lib/assets/compiled
  /Users/kata_macos/.rbenv/versions/2.4.1/lib/ruby/gems/2.4.0/gems/turbolinks-source-5.0.3/lib/assets/javascripts
  /Volumes/Backup_MacOS/Git/Github/udm-rd-bc/ruby-single-saas/node_modules
  /Users/kata_macos/.rbenv/versions/2.4.1/lib/ruby/gems/2.4.0/gems/bootstrap-sass-3.3.7/assets/stylesheets
  /Users/kata_macos/.rbenv/versions/2.4.1/lib/ruby/gems/2.4.0/gems/bootstrap-sass-3.3.7/assets/javascripts
  /Users/kata_macos/.rbenv/versions/2.4.1/lib/ruby/gems/2.4.0/gems/bootstrap-sass-3.3.7/assets/fonts
  /Users/kata_macos/.rbenv/versions/2.4.1/lib/ruby/gems/2.4.0/gems/bootstrap-sass-3.3.7/assets/images
  /Users/kata_macos/.rbenv/versions/2.4.1/lib/ruby/gems/2.4.0/gems/bootstrap-sass-3.3.7/assets/stylesheets):
    4:     <title>SingleSaas</title>
    5:     <%= csrf_meta_tags %>
    6:     <link href="//fonts.googleapis.com/css?family=Open+Sans:400,700,800" rel="stylesheet"> 
    7:     <%= stylesheet_link_tag    'application', media: 'all', 'data-turbolinks-track': 'reload' %>
    8:     <%= javascript_include_tag 'application', 'data-turbolinks-track': 'reload' %>
    9:   </head>
   10: 
  
app/assets/stylesheets/application.css.scss:18
app/views/layouts/application.html.erb:7:in `_app_views_layouts_application_html_erb__1398717790124382983_70244079616860'
Started GET "/" for 127.0.0.1 at 2017-08-05 03:03:22 -0500
Processing by PagesController#home as HTML
  Rendering pages/home.html.erb within layouts/application
  Rendered pages/home.html.erb within layouts/application (0.4ms)
Completed 500 Internal Server Error in 321ms


  
ActionView::Template::Error (File to import not found or unreadable: bootstrap-sprackets.
Load paths:
  /Volumes/Backup_MacOS/Git/Github/udm-rd-bc/ruby-single-saas/app/assets/config
  /Volumes/Backup_MacOS/Git/Github/udm-rd-bc/ruby-single-saas/app/assets/images
  /Volumes/Backup_MacOS/Git/Github/udm-rd-bc/ruby-single-saas/app/assets/javascripts
  /Volumes/Backup_MacOS/Git/Github/udm-rd-bc/ruby-single-saas/app/assets/stylesheets
  /Users/kata_macos/.rbenv/versions/2.4.1/lib/ruby/gems/2.4.0/gems/coffee-rails-4.2.2/lib/assets/javascripts
  /Users/kata_macos/.rbenv/versions/2.4.1/lib/ruby/gems/2.4.0/gems/jquery-rails-4.3.1/vendor/assets/javascripts
  /Users/kata_macos/.rbenv/versions/2.4.1/lib/ruby/gems/2.4.0/gems/actioncable-5.1.2/lib/assets/compiled
  /Users/kata_macos/.rbenv/versions/2.4.1/lib/ruby/gems/2.4.0/gems/actionview-5.1.2/lib/assets/compiled
  /Users/kata_macos/.rbenv/versions/2.4.1/lib/ruby/gems/2.4.0/gems/turbolinks-source-5.0.3/lib/assets/javascripts
  /Volumes/Backup_MacOS/Git/Github/udm-rd-bc/ruby-single-saas/node_modules
  /Users/kata_macos/.rbenv/versions/2.4.1/lib/ruby/gems/2.4.0/gems/bootstrap-sass-3.3.7/assets/stylesheets
  /Users/kata_macos/.rbenv/versions/2.4.1/lib/ruby/gems/2.4.0/gems/bootstrap-sass-3.3.7/assets/javascripts
  /Users/kata_macos/.rbenv/versions/2.4.1/lib/ruby/gems/2.4.0/gems/bootstrap-sass-3.3.7/assets/fonts
  /Users/kata_macos/.rbenv/versions/2.4.1/lib/ruby/gems/2.4.0/gems/bootstrap-sass-3.3.7/assets/images
  /Users/kata_macos/.rbenv/versions/2.4.1/lib/ruby/gems/2.4.0/gems/bootstrap-sass-3.3.7/assets/stylesheets):
    4:     <title>SingleSaas</title>
    5:     <%= csrf_meta_tags %>
    6:     <link href="//fonts.googleapis.com/css?family=Open+Sans:400,700,800" rel="stylesheet"> 
    7:     <%= stylesheet_link_tag    'application', media: 'all', 'data-turbolinks-track': 'reload' %>
    8:     <%= javascript_include_tag 'application', 'data-turbolinks-track': 'reload' %>
    9:   </head>
   10: 
  
app/assets/stylesheets/application.css.scss:18
app/views/layouts/application.html.erb:7:in `_app_views_layouts_application_html_erb__1398717790124382983_70244045226100'
Started GET "/" for 127.0.0.1 at 2017-08-05 03:05:03 -0500
Processing by PagesController#home as HTML
  Rendering pages/home.html.erb within layouts/application
  Rendered pages/home.html.erb within layouts/application (0.4ms)
Completed 500 Internal Server Error in 42ms


  
ActionView::Template::Error (File to import not found or unreadable: bootstrap-sprackets.
Load paths:
  /Volumes/Backup_MacOS/Git/Github/udm-rd-bc/ruby-single-saas/app/assets/config
  /Volumes/Backup_MacOS/Git/Github/udm-rd-bc/ruby-single-saas/app/assets/images
  /Volumes/Backup_MacOS/Git/Github/udm-rd-bc/ruby-single-saas/app/assets/javascripts
  /Volumes/Backup_MacOS/Git/Github/udm-rd-bc/ruby-single-saas/app/assets/stylesheets
  /Users/kata_macos/.rbenv/versions/2.4.1/lib/ruby/gems/2.4.0/gems/coffee-rails-4.2.2/lib/assets/javascripts
  /Users/kata_macos/.rbenv/versions/2.4.1/lib/ruby/gems/2.4.0/gems/jquery-rails-4.3.1/vendor/assets/javascripts
  /Users/kata_macos/.rbenv/versions/2.4.1/lib/ruby/gems/2.4.0/gems/actioncable-5.1.2/lib/assets/compiled
  /Users/kata_macos/.rbenv/versions/2.4.1/lib/ruby/gems/2.4.0/gems/actionview-5.1.2/lib/assets/compiled
  /Users/kata_macos/.rbenv/versions/2.4.1/lib/ruby/gems/2.4.0/gems/turbolinks-source-5.0.3/lib/assets/javascripts
  /Volumes/Backup_MacOS/Git/Github/udm-rd-bc/ruby-single-saas/node_modules
  /Users/kata_macos/.rbenv/versions/2.4.1/lib/ruby/gems/2.4.0/gems/bootstrap-sass-3.3.7/assets/stylesheets
  /Users/kata_macos/.rbenv/versions/2.4.1/lib/ruby/gems/2.4.0/gems/bootstrap-sass-3.3.7/assets/javascripts
  /Users/kata_macos/.rbenv/versions/2.4.1/lib/ruby/gems/2.4.0/gems/bootstrap-sass-3.3.7/assets/fonts
  /Users/kata_macos/.rbenv/versions/2.4.1/lib/ruby/gems/2.4.0/gems/bootstrap-sass-3.3.7/assets/images
  /Users/kata_macos/.rbenv/versions/2.4.1/lib/ruby/gems/2.4.0/gems/bootstrap-sass-3.3.7/assets/stylesheets):
    4:     <title>SingleSaas</title>
    5:     <%= csrf_meta_tags %>
    6:     <link href="//fonts.googleapis.com/css?family=Open+Sans:400,700,800" rel="stylesheet"> 
    7:     <%= stylesheet_link_tag    'application', media: 'all', 'data-turbolinks-track': 'reload' %>
    8:     <%= javascript_include_tag 'application', 'data-turbolinks-track': 'reload' %>
    9:   </head>
   10: 
  
app/assets/stylesheets/application.css.scss:18
app/views/layouts/application.html.erb:7:in `_app_views_layouts_application_html_erb__1398717790124382983_70244046836260'
Started GET "/" for 127.0.0.1 at 2017-08-05 03:08:49 -0500
Processing by PagesController#home as HTML
  Rendering pages/home.html.erb within layouts/application
  Rendered pages/home.html.erb within layouts/application (0.4ms)
Completed 200 OK in 3703ms (Views: 3699.7ms)


